--------------------------------------------------------------------------------
Release 14.7 Trace  (nt64)
Copyright (c) 1995-2013 Xilinx, Inc.  All rights reserved.

C:\Xilinx\14.7\ISE_DS\ISE\bin\nt64\unwrapped\trce.exe -intstyle ise -v 3 -s 4
-n 3 -fastpaths -xml main.twx main.ncd -o main.twr main.pcf

Design file:              main.ncd
Physical constraint file: main.pcf
Device,package,speed:     xc3s400,pq208,-4 (PRODUCTION 1.39 2013-10-13)
Report level:             verbose report

Environment Variable      Effect 
--------------------      ------ 
NONE                      No environment variables were set
--------------------------------------------------------------------------------

INFO:Timing:2698 - No timing constraints found, doing default enumeration.
INFO:Timing:3412 - To improve timing, see the Timing Closure User Guide (UG612).
INFO:Timing:2752 - To get complete path coverage, use the unconstrained paths 
   option. All paths that are not constrained will be reported in the 
   unconstrained paths section(s) of the report.
INFO:Timing:3339 - The clock-to-out numbers in this timing report are based on 
   a 50 Ohm transmission line loading model.  For the details of this model, 
   and for more information on accounting for different loading conditions, 
   please see the device datasheet.
INFO:Timing:3390 - This architecture does not support a default System Jitter 
   value, please add SYSTEM_JITTER constraint to the UCF to modify the Clock 
   Uncertainty calculation.
INFO:Timing:3389 - This architecture does not support 'Discrete Jitter' and 
   'Phase Error' calculations, these terms will be zero in the Clock 
   Uncertainty calculation.  Please make appropriate modification to 
   SYSTEM_JITTER to account for the unsupported Discrete Jitter and Phase 
   Error.



Data Sheet report:
-----------------
All values displayed in nanoseconds (ns)

Clock clk to Pad
------------+------------+------------------+--------+
            | clk (edge) |                  | Clock  |
Destination |   to PAD   |Internal Clock(s) | Phase  |
------------+------------+------------------+--------+
result<0>   |   35.366(R)|clk_BUFGP         |   0.000|
            |   14.936(F)|clk_BUFGP         |   0.000|
result<1>   |   40.298(R)|clk_BUFGP         |   0.000|
            |   15.967(F)|clk_BUFGP         |   0.000|
result<2>   |   31.067(R)|clk_BUFGP         |   0.000|
            |   15.573(F)|clk_BUFGP         |   0.000|
result<3>   |   31.948(R)|clk_BUFGP         |   0.000|
            |   16.884(F)|clk_BUFGP         |   0.000|
result<4>   |   31.048(R)|clk_BUFGP         |   0.000|
            |   17.356(F)|clk_BUFGP         |   0.000|
result<5>   |   32.767(R)|clk_BUFGP         |   0.000|
            |   17.467(F)|clk_BUFGP         |   0.000|
result<6>   |   30.687(R)|clk_BUFGP         |   0.000|
            |   15.062(F)|clk_BUFGP         |   0.000|
result<7>   |   33.974(R)|clk_BUFGP         |   0.000|
            |   17.256(F)|clk_BUFGP         |   0.000|
result<8>   |   31.684(R)|clk_BUFGP         |   0.000|
            |   15.527(F)|clk_BUFGP         |   0.000|
result<9>   |   33.580(R)|clk_BUFGP         |   0.000|
            |   16.265(F)|clk_BUFGP         |   0.000|
result<10>  |   38.356(R)|clk_BUFGP         |   0.000|
            |   13.516(F)|clk_BUFGP         |   0.000|
result<11>  |   39.978(R)|clk_BUFGP         |   0.000|
            |   14.279(F)|clk_BUFGP         |   0.000|
result<12>  |   37.861(R)|clk_BUFGP         |   0.000|
            |   15.394(F)|clk_BUFGP         |   0.000|
result<13>  |   37.609(R)|clk_BUFGP         |   0.000|
            |   13.691(F)|clk_BUFGP         |   0.000|
result<14>  |   40.090(R)|clk_BUFGP         |   0.000|
            |   15.928(F)|clk_BUFGP         |   0.000|
result<15>  |   41.998(R)|clk_BUFGP         |   0.000|
            |   15.166(F)|clk_BUFGP         |   0.000|
result<16>  |   39.450(R)|clk_BUFGP         |   0.000|
            |   14.709(F)|clk_BUFGP         |   0.000|
result<17>  |   38.917(R)|clk_BUFGP         |   0.000|
            |   15.199(F)|clk_BUFGP         |   0.000|
result<18>  |   39.244(R)|clk_BUFGP         |   0.000|
            |   15.332(F)|clk_BUFGP         |   0.000|
result<19>  |   39.926(R)|clk_BUFGP         |   0.000|
            |   17.035(F)|clk_BUFGP         |   0.000|
result<20>  |   38.152(R)|clk_BUFGP         |   0.000|
            |   14.923(F)|clk_BUFGP         |   0.000|
result<21>  |   36.801(R)|clk_BUFGP         |   0.000|
            |   15.539(F)|clk_BUFGP         |   0.000|
result<22>  |   38.033(R)|clk_BUFGP         |   0.000|
            |   14.283(F)|clk_BUFGP         |   0.000|
result<23>  |   38.876(R)|clk_BUFGP         |   0.000|
            |   13.964(F)|clk_BUFGP         |   0.000|
result<24>  |   38.069(R)|clk_BUFGP         |   0.000|
            |   15.329(F)|clk_BUFGP         |   0.000|
result<25>  |   39.736(R)|clk_BUFGP         |   0.000|
            |   16.279(F)|clk_BUFGP         |   0.000|
result<26>  |   38.509(R)|clk_BUFGP         |   0.000|
            |   16.761(F)|clk_BUFGP         |   0.000|
result<27>  |   40.529(R)|clk_BUFGP         |   0.000|
            |   14.186(F)|clk_BUFGP         |   0.000|
result<28>  |   40.138(R)|clk_BUFGP         |   0.000|
            |   16.340(F)|clk_BUFGP         |   0.000|
result<29>  |   39.875(R)|clk_BUFGP         |   0.000|
            |   14.990(F)|clk_BUFGP         |   0.000|
result<30>  |   38.823(R)|clk_BUFGP         |   0.000|
            |   15.055(F)|clk_BUFGP         |   0.000|
result<31>  |   40.929(R)|clk_BUFGP         |   0.000|
            |   15.052(F)|clk_BUFGP         |   0.000|
------------+------------+------------------+--------+

Clock to Setup on destination clock clk
---------------+---------+---------+---------+---------+
               | Src:Rise| Src:Fall| Src:Rise| Src:Fall|
Source Clock   |Dest:Rise|Dest:Rise|Dest:Fall|Dest:Fall|
---------------+---------+---------+---------+---------+
clk            |   39.384|   12.539|   25.522|         |
---------------+---------+---------+---------+---------+


Analysis completed Wed Nov 09 16:48:58 2022 
--------------------------------------------------------------------------------

Trace Settings:
-------------------------
Trace Settings 

Peak Memory Usage: 4525 MB



