INFO:sim:172 - Generating IP...
Resolving generics for 'data_memory'...
Applying external generics to 'data_memory'...
Delivering associated files for 'data_memory'...
Delivering EJava files for 'data_memory'...
Generating implementation netlist for 'data_memory'...
INFO:sim - Pre-processing HDL files for 'data_memory'...
Running synthesis for 'data_memory'
Running ngcbuild...
Writing VEO instantiation template for 'data_memory'...
Writing Verilog behavioral simulation model for 'data_memory'...
WARNING:sim - Overwriting existing file
   D:/COA_LAB/assignment_6/Assign_6_Grp_23/ipcore_dir/tmp/_cg/data_memory/doc/bl
   k_mem_gen_v7_3_vinfo.html with file from view xilinx_documentation
Delivered 1 file into directory
D:/COA_LAB/assignment_6/Assign_6_Grp_23/ipcore_dir/tmp/_cg/data_memory
Generating ASY schematic symbol...
INFO:sim:949 - Finished generation of ASY schematic symbol.
Generating SYM schematic symbol for 'data_memory'...
Generating metadata file...
Generating ISE project file for 'data_memory'...
Generating ISE project...
XCO file found: data_memory.xco
XMDF file found: data_memory_xmdf.tcl
Adding
D:/COA_LAB/assignment_6/Assign_6_Grp_23/ipcore_dir/tmp/_cg/data_memory.asy -view
all -origin_type imported
Adding
D:/COA_LAB/assignment_6/Assign_6_Grp_23/ipcore_dir/tmp/_cg/data_memory.ngc -view
all -origin_type created
Checking file
"D:/COA_LAB/assignment_6/Assign_6_Grp_23/ipcore_dir/tmp/_cg/data_memory.ngc" for
project device match ...
File
"D:/COA_LAB/assignment_6/Assign_6_Grp_23/ipcore_dir/tmp/_cg/data_memory.ngc"
device information matches project device.
Adding
D:/COA_LAB/assignment_6/Assign_6_Grp_23/ipcore_dir/tmp/_cg/data_memory.sym -view
all -origin_type imported
Adding D:/COA_LAB/assignment_6/Assign_6_Grp_23/ipcore_dir/tmp/_cg/data_memory.v
-view all -origin_type created
INFO:HDLCompiler:1845 - Analyzing Verilog file
   "D:/COA_LAB/assignment_6/Assign_6_Grp_23/ipcore_dir/tmp/_cg/data_memory.v"
   into library work
INFO:ProjectMgmt - Parsing design hierarchy completed successfully.
Adding
D:/COA_LAB/assignment_6/Assign_6_Grp_23/ipcore_dir/tmp/_cg/data_memory.veo -view
all -origin_type imported
INFO:TclTasksC:2116 - The automatic calculation of top has been turned-off.
   Please set the new top explicitly by running the "project set top" command.
   To re-calculate the new top automatically, set the "Auto Implementation Top"
   property to true.
Top level has been set to "/data_memory"
Generating README file...
Generating FLIST file...
INFO:sim:948 - Finished FLIST file generation.
Launching README viewer...
Moving files to output directory...
Finished moving files to output directory
Wrote CGP file for project 'data_memory'.
